Using pre-set license
Built from '2022.3/staging' branch; Version is '2022.3.17f1 (4fc78088f837) revision 5228416'; Using compiler version '192829333'; Build Type 'Release'
OS: 'Windows 11  (10.0.22631) 64bit Core' Language: 'tr' Physical Memory: 16335 MB
BatchMode: 1, IsHumanControllingUs: 0, StartBugReporterOnCrash: 0, Is64bit: 1, IsPro: 1

COMMAND LINE ARGUMENTS:
C:\Program Files\Unity\Hub\Editor\2022.3.17f1\Editor\Unity.exe
-adb2
-batchMode
-noUpm
-name
AssetImportWorker0
-projectPath
C:/Users/berka/Documents/GitHub/DerbyDay
-logFile
Logs/AssetImportWorker0.log
-srvPort
65509
Successfully changed project path to: C:/Users/berka/Documents/GitHub/DerbyDay
C:/Users/berka/Documents/GitHub/DerbyDay
[UnityMemory] Configuration Parameters - Can be set up in boot.config
    "memorysetup-bucket-allocator-granularity=16"
    "memorysetup-bucket-allocator-bucket-count=8"
    "memorysetup-bucket-allocator-block-size=33554432"
    "memorysetup-bucket-allocator-block-count=8"
    "memorysetup-main-allocator-block-size=16777216"
    "memorysetup-thread-allocator-block-size=16777216"
    "memorysetup-gfx-main-allocator-block-size=16777216"
    "memorysetup-gfx-thread-allocator-block-size=16777216"
    "memorysetup-cache-allocator-block-size=4194304"
    "memorysetup-typetree-allocator-block-size=2097152"
    "memorysetup-profiler-bucket-allocator-granularity=16"
    "memorysetup-profiler-bucket-allocator-bucket-count=8"
    "memorysetup-profiler-bucket-allocator-block-size=33554432"
    "memorysetup-profiler-bucket-allocator-block-count=8"
    "memorysetup-profiler-allocator-block-size=16777216"
    "memorysetup-profiler-editor-allocator-block-size=1048576"
    "memorysetup-temp-allocator-size-main=16777216"
    "memorysetup-job-temp-allocator-block-size=2097152"
    "memorysetup-job-temp-allocator-block-size-background=1048576"
    "memorysetup-job-temp-allocator-reduction-small-platforms=262144"
    "memorysetup-allocator-temp-initial-block-size-main=262144"
    "memorysetup-allocator-temp-initial-block-size-worker=262144"
    "memorysetup-temp-allocator-size-background-worker=32768"
    "memorysetup-temp-allocator-size-job-worker=262144"
    "memorysetup-temp-allocator-size-preload-manager=33554432"
    "memorysetup-temp-allocator-size-nav-mesh-worker=65536"
    "memorysetup-temp-allocator-size-audio-worker=65536"
    "memorysetup-temp-allocator-size-cloud-worker=32768"
    "memorysetup-temp-allocator-size-gi-baking-worker=262144"
    "memorysetup-temp-allocator-size-gfx=262144"
Player connection [3444] Host "[IP] 192.168.1.23 [Port] 0 [Flags] 2 [Guid] 808974788 [EditorId] 808974788 [Version] 1048832 [Id] WindowsEditor(7,DESKTOP-IAJVLMT) [Debug] 1 [PackageName] WindowsEditor [ProjectName] Editor" joined multi-casting on [225.0.0.222:54997]...

Player connection [3444] Host "[IP] 192.168.1.23 [Port] 0 [Flags] 2 [Guid] 808974788 [EditorId] 808974788 [Version] 1048832 [Id] WindowsEditor(7,DESKTOP-IAJVLMT) [Debug] 1 [PackageName] WindowsEditor [ProjectName] Editor" joined alternative multi-casting on [225.0.0.222:34997]...

[Physics::Module] Initialized MultithreadedJobDispatcher with 5 workers.
Refreshing native plugins compatible for Editor in 8.55 ms, found 3 plugins.
Preloading 0 native plugins for Editor in 0.00 ms.
Initialize engine version: 2022.3.17f1 (4fc78088f837)
[Subsystems] Discovering subsystems at path C:/Program Files/Unity/Hub/Editor/2022.3.17f1/Editor/Data/Resources/UnitySubsystems
[Subsystems] Discovering subsystems at path C:/Users/berka/Documents/GitHub/DerbyDay/Assets
GfxDevice: creating device client; threaded=0; jobified=0
Direct3D:
    Version:  Direct3D 11.0 [level 11.1]
    Renderer: Radeon RX 580 Series (ID=0x67df)
    Vendor:   ATI
    VRAM:     8170 MB
    Driver:   31.0.21912.14
Initialize mono
Mono path[0] = 'C:/Program Files/Unity/Hub/Editor/2022.3.17f1/Editor/Data/Managed'
Mono path[1] = 'C:/Program Files/Unity/Hub/Editor/2022.3.17f1/Editor/Data/MonoBleedingEdge/lib/mono/unityjit-win32'
Mono config path = 'C:/Program Files/Unity/Hub/Editor/2022.3.17f1/Editor/Data/MonoBleedingEdge/etc'
Using monoOptions --debugger-agent=transport=dt_socket,embedding=1,server=y,suspend=n,address=127.0.0.1:56488
Begin MonoManager ReloadAssembly
Registering precompiled unity dll's ...
Register platform support module: C:/Program Files/Unity/Hub/Editor/2022.3.17f1/Editor/Data/PlaybackEngines/AndroidPlayer/UnityEditor.Android.Extensions.dll
Register platform support module: C:/Program Files/Unity/Hub/Editor/2022.3.17f1/Editor/Data/PlaybackEngines/iOSSupport/UnityEditor.iOS.Extensions.dll
Register platform support module: C:/Program Files/Unity/Hub/Editor/2022.3.17f1/Editor/Data/PlaybackEngines/WindowsStandaloneSupport/UnityEditor.WindowsStandalone.Extensions.dll
Registered in 0.009892 seconds.
- Loaded All Assemblies, in  0.510 seconds
Native extension for WindowsStandalone target not found
[usbmuxd] Start listen thread
[usbmuxd] Listen thread started
Native extension for iOS target not found
Native extension for Android target not found
Android Extension - Scanning For ADB Devices 320 ms
Mono: successfully reloaded assembly
- Finished resetting the current domain, in  0.799 seconds
Domain Reload Profiling: 1308ms
	BeginReloadAssembly (179ms)
		ExecutionOrderSort (0ms)
		DisableScriptedObjects (0ms)
		BackupInstance (0ms)
		ReleaseScriptingObjects (0ms)
		CreateAndSetChildDomain (1ms)
	RebuildCommonClasses (48ms)
	RebuildNativeTypeToScriptingClass (13ms)
	initialDomainReloadingComplete (75ms)
	LoadAllAssembliesAndSetupDomain (193ms)
		LoadAssemblies (177ms)
		RebuildTransferFunctionScriptingTraits (0ms)
		AnalyzeDomain (190ms)
			TypeCache.Refresh (187ms)
				TypeCache.ScanAssembly (172ms)
			ScanForSourceGeneratedMonoScriptInfo (1ms)
			ResolveRequiredComponents (1ms)
	FinalizeReload (800ms)
		ReleaseScriptCaches (0ms)
		RebuildScriptCaches (0ms)
		SetupLoadedEditorAssemblies (716ms)
			LogAssemblyErrors (0ms)
			InitializePlatformSupportModulesInManaged (465ms)
			SetLoadedEditorAssemblies (7ms)
			RefreshPlugins (0ms)
			BeforeProcessingInitializeOnLoad (3ms)
			ProcessInitializeOnLoadAttributes (170ms)
			ProcessInitializeOnLoadMethodAttributes (71ms)
			AfterProcessingInitializeOnLoad (0ms)
			EditorAssembliesLoaded (0ms)
		ExecutionOrderSort2 (0ms)
		AwakeInstancesAfterBackupRestoration (0ms)
========================================================================
Worker process is ready to serve import requests
Begin MonoManager ReloadAssembly
- Loaded All Assemblies, in  0.941 seconds
Refreshing native plugins compatible for Editor in 4.22 ms, found 3 plugins.
Native extension for WindowsStandalone target not found
Native extension for iOS target not found
Native extension for Android target not found
Package Manager log level set to [2]
[Package Manager] Server::EnsureServerProcessIsRunning -- launch failed, reason: Unity was launched with the -noUpm command-line argument
[Package Manager] UpmClient::Send -- Unable to send message (not connected to UPM process).
[Package Manager] Cannot connect to Unity Package Manager local server
Mono: successfully reloaded assembly
- Finished resetting the current domain, in  1.038 seconds
Domain Reload Profiling: 1976ms
	BeginReloadAssembly (188ms)
		ExecutionOrderSort (0ms)
		DisableScriptedObjects (7ms)
		BackupInstance (0ms)
		ReleaseScriptingObjects (0ms)
		CreateAndSetChildDomain (30ms)
	RebuildCommonClasses (40ms)
	RebuildNativeTypeToScriptingClass (13ms)
	initialDomainReloadingComplete (52ms)
	LoadAllAssembliesAndSetupDomain (644ms)
		LoadAssemblies (491ms)
		RebuildTransferFunctionScriptingTraits (0ms)
		AnalyzeDomain (259ms)
			TypeCache.Refresh (225ms)
				TypeCache.ScanAssembly (199ms)
			ScanForSourceGeneratedMonoScriptInfo (24ms)
			ResolveRequiredComponents (7ms)
	FinalizeReload (1039ms)
		ReleaseScriptCaches (0ms)
		RebuildScriptCaches (0ms)
		SetupLoadedEditorAssemblies (822ms)
			LogAssemblyErrors (0ms)
			InitializePlatformSupportModulesInManaged (45ms)
			SetLoadedEditorAssemblies (7ms)
			RefreshPlugins (0ms)
			BeforeProcessingInitializeOnLoad (148ms)
			ProcessInitializeOnLoadAttributes (584ms)
			ProcessInitializeOnLoadMethodAttributes (31ms)
			AfterProcessingInitializeOnLoad (8ms)
			EditorAssembliesLoaded (0ms)
		ExecutionOrderSort2 (0ms)
		AwakeInstancesAfterBackupRestoration (8ms)
Launched and connected shader compiler UnityShaderCompiler.exe after 0.10 seconds
Refreshing native plugins compatible for Editor in 5.24 ms, found 3 plugins.
Preloading 0 native plugins for Editor in 0.00 ms.
Unloading 3307 Unused Serialized files (Serialized files now loaded: 0)
Unloading 47 unused Assets / (130.8 KB). Loaded Objects now: 3779.
Memory consumption went from 141.0 MB to 140.9 MB.
Total: 3.748200 ms (FindLiveObjects: 0.374000 ms CreateObjectMapping: 0.105200 ms MarkObjects: 2.948000 ms  DeleteObjects: 0.319400 ms)

AssetImportParameters requested are different than current active one (requested -> active):
  custom:container-demuxer-ogg: 62fdf1f143b41e24485cea50d1cbac27 -> 
  custom:video-codec-MediaFoundation-h265: 746d11721c4dcdbdad8f713fa42b33f4 -> 
  custom:video-decoder-ogg-theora: a1e56fd34408186e4bbccfd4996cb3dc -> 
  custom:framework-win-MediaFoundation: 216162199b28c13a410421893ffa2e32 -> 
  custom:CustomObjectIndexerAttribute: 6d391050e5a25f67b0a2c618074f2cd9 -> 
  custom:container-demuxer-webm: 4f35f7cbe854078d1ac9338744f61a02 -> 
  custom:container-muxer-webm: aa71ff27fc2769a1b78a27578f13a17b -> 
  custom:video-decoder-webm-vp8: 9c59270c3fd7afecdb556c50c9e8de78 -> 
  custom:SearchIndexIgnoredProperties: e643bd26f0fe6173181afceb89e7c659 -> 
  custom:AudioImporter_EditorPlatform: d09bf68614088b80899f8185d706f6e7 -> 
  custom:video-encoder-webm-vp8: eb34c28f22e8b96e1ab97ce403110664 -> 
  custom:audio-decoder-ogg-vorbis: bf7c407c2cedff20999df2af8eb42d56 -> 
  custom:audio-encoder-webm-vorbis: bf7c407c2cedff20999df2af8eb42d56 -> 
========================================================================
Received Import Request.
  Time since last request: 19177.937676 seconds.
  path: Assets/Track_billboard_type_02_blue.prefab
  artifactKey: Guid(7282c87863eaa954b8f9afa3444ad566) Importer(815301076,1909f56bfc062723c751e8b465ee728b)
Start importing Assets/Track_billboard_type_02_blue.prefab using Guid(7282c87863eaa954b8f9afa3444ad566) Importer(815301076,1909f56bfc062723c751e8b465ee728b)  -> (artifact id: 'e3642935592f51c0f729ba9c82fc4f94') in 0.138551 seconds
Number of updated asset objects reloaded before import = 0
Number of asset objects unloaded after import = 23
========================================================================
Received Import Request.
  Time since last request: 0.000054 seconds.
  path: Assets/MetalFence_23_v1.prefab
  artifactKey: Guid(5414b288fe5586449b9c712511cfffeb) Importer(815301076,1909f56bfc062723c751e8b465ee728b)
Start importing Assets/MetalFence_23_v1.prefab using Guid(5414b288fe5586449b9c712511cfffeb) Importer(815301076,1909f56bfc062723c751e8b465ee728b)  -> (artifact id: '42ce10e0812037b6e14d0e6860077cae') in 0.031164 seconds
Number of updated asset objects reloaded before import = 0
Number of asset objects unloaded after import = 12
========================================================================
Received Import Request.
  Time since last request: 0.000021 seconds.
  path: Assets/Track_Fence_grid_type_block_yellow_obs.prefab
  artifactKey: Guid(441482d548b1c644c8eab2acd3ca7f88) Importer(815301076,1909f56bfc062723c751e8b465ee728b)
Start importing Assets/Track_Fence_grid_type_block_yellow_obs.prefab using Guid(441482d548b1c644c8eab2acd3ca7f88) Importer(815301076,1909f56bfc062723c751e8b465ee728b)  -> (artifact id: '67a92d5377aaea944988cdd61f32933a') in 0.025045 seconds
Number of updated asset objects reloaded before import = 0
Number of asset objects unloaded after import = 10
========================================================================
Received Import Request.
  Time since last request: 0.000025 seconds.
  path: Assets/Tribunes.prefab
  artifactKey: Guid(27ed47f8bf5771243bd4ac389d814682) Importer(815301076,1909f56bfc062723c751e8b465ee728b)
Start importing Assets/Tribunes.prefab using Guid(27ed47f8bf5771243bd4ac389d814682) Importer(815301076,1909f56bfc062723c751e8b465ee728b)  -> (artifact id: '239150eb8eceb76bcd273c81c261ad6b') in 0.019097 seconds
Number of updated asset objects reloaded before import = 0
Number of asset objects unloaded after import = 27
========================================================================
Received Import Request.
  Time since last request: 0.000022 seconds.
  path: Assets/Scenes/test.unity
  artifactKey: Guid(7216208c324bbf54c96fd3e238fbf8bb) Importer(815301076,1909f56bfc062723c751e8b465ee728b)
Start importing Assets/Scenes/test.unity using Guid(7216208c324bbf54c96fd3e238fbf8bb) Importer(815301076,1909f56bfc062723c751e8b465ee728b)  -> (artifact id: '74cbee135fa4478097d24ca7d7241ee8') in 0.000606 seconds
Number of updated asset objects reloaded before import = 0
Number of asset objects unloaded after import = 0
========================================================================
Received Import Request.
  Time since last request: 0.000063 seconds.
  path: Assets/stadium light.prefab
  artifactKey: Guid(04f354ef382feb54ba678b53fff5ee82) Importer(815301076,1909f56bfc062723c751e8b465ee728b)
Start importing Assets/stadium light.prefab using Guid(04f354ef382feb54ba678b53fff5ee82) Importer(815301076,1909f56bfc062723c751e8b465ee728b)  -> (artifact id: '5cc92ff4f35bc7f93d2e3f2610f42e8d') in 0.028622 seconds
Number of updated asset objects reloaded before import = 0
Number of asset objects unloaded after import = 172
========================================================================
Received Import Request.
  Time since last request: 0.000025 seconds.
  path: Assets/Track_billboard_type_03_yellow_02_obs.prefab
  artifactKey: Guid(5a9bce0c9475e4a409fce1f90364e941) Importer(815301076,1909f56bfc062723c751e8b465ee728b)
Start importing Assets/Track_billboard_type_03_yellow_02_obs.prefab using Guid(5a9bce0c9475e4a409fce1f90364e941) Importer(815301076,1909f56bfc062723c751e8b465ee728b)  -> (artifact id: '84192c750caa6c6634e8efc81ab3f756') in 0.027458 seconds
Number of updated asset objects reloaded before import = 0
Number of asset objects unloaded after import = 44
========================================================================
Received Import Request.
  Time since last request: 0.122215 seconds.
  path: Assets/racingscene.unity
  artifactKey: Guid(de992c893e349cd438743176c44f0e04) Importer(815301076,1909f56bfc062723c751e8b465ee728b)
Start importing Assets/racingscene.unity using Guid(de992c893e349cd438743176c44f0e04) Importer(815301076,1909f56bfc062723c751e8b465ee728b)  -> (artifact id: 'a4271f15ceac399922bb0aae9615c639') in 0.000619 seconds
Number of updated asset objects reloaded before import = 0
Number of asset objects unloaded after import = 0
========================================================================
Received Import Request.
  Time since last request: 125.831220 seconds.
  path: Assets/Player1.prefab
  artifactKey: Guid(9b826e59b0c5e1540b3d028c0289ac68) Importer(815301076,1909f56bfc062723c751e8b465ee728b)
Start importing Assets/Player1.prefab using Guid(9b826e59b0c5e1540b3d028c0289ac68) Importer(815301076,1909f56bfc062723c751e8b465ee728b)  -> (artifact id: 'c247bb2c293baa7bd729689d6e190374') in 0.239875 seconds
Number of updated asset objects reloaded before import = 0
Number of asset objects unloaded after import = 246
========================================================================
Received Prepare
Begin MonoManager ReloadAssembly
- Loaded All Assemblies, in  0.662 seconds
Refreshing native plugins compatible for Editor in 3.87 ms, found 3 plugins.
Native extension for WindowsStandalone target not found
Native extension for iOS target not found
Native extension for Android target not found
[Package Manager] Server::EnsureServerProcessIsRunning -- launch failed, reason: Unity was launched with the -noUpm command-line argument
[Package Manager] UpmClient::Send -- Unable to send message (not connected to UPM process).
[Package Manager] Cannot connect to Unity Package Manager local server
Mono: successfully reloaded assembly
- Finished resetting the current domain, in  1.277 seconds
Domain Reload Profiling: 1934ms
	BeginReloadAssembly (178ms)
		ExecutionOrderSort (0ms)
		DisableScriptedObjects (5ms)
		BackupInstance (0ms)
		ReleaseScriptingObjects (0ms)
		CreateAndSetChildDomain (41ms)
	RebuildCommonClasses (42ms)
	RebuildNativeTypeToScriptingClass (13ms)
	initialDomainReloadingComplete (36ms)
	LoadAllAssembliesAndSetupDomain (387ms)
		LoadAssemblies (472ms)
		RebuildTransferFunctionScriptingTraits (0ms)
		AnalyzeDomain (13ms)
			TypeCache.Refresh (6ms)
				TypeCache.ScanAssembly (0ms)
			ScanForSourceGeneratedMonoScriptInfo (0ms)
			ResolveRequiredComponents (6ms)
	FinalizeReload (1277ms)
		ReleaseScriptCaches (0ms)
		RebuildScriptCaches (0ms)
		SetupLoadedEditorAssemblies (682ms)
			LogAssemblyErrors (0ms)
			InitializePlatformSupportModulesInManaged (49ms)
			SetLoadedEditorAssemblies (10ms)
			RefreshPlugins (0ms)
			BeforeProcessingInitializeOnLoad (132ms)
			ProcessInitializeOnLoadAttributes (457ms)
			ProcessInitializeOnLoadMethodAttributes (25ms)
			AfterProcessingInitializeOnLoad (9ms)
			EditorAssembliesLoaded (1ms)
		ExecutionOrderSort2 (0ms)
		AwakeInstancesAfterBackupRestoration (8ms)
Refreshing native plugins compatible for Editor in 3.67 ms, found 3 plugins.
Preloading 0 native plugins for Editor in 0.00 ms.
Unloading 3282 Unused Serialized files (Serialized files now loaded: 0)
Unloading 26 unused Assets / (102.3 KB). Loaded Objects now: 3804.
Memory consumption went from 138.3 MB to 138.2 MB.
Total: 4.229800 ms (FindLiveObjects: 0.355000 ms CreateObjectMapping: 0.127300 ms MarkObjects: 3.653700 ms  DeleteObjects: 0.092200 ms)

Prepare: number of updated asset objects reloaded= 0
AssetImportParameters requested are different than current active one (requested -> active):
  custom:container-demuxer-ogg: 62fdf1f143b41e24485cea50d1cbac27 -> 
  custom:video-codec-MediaFoundation-h265: 746d11721c4dcdbdad8f713fa42b33f4 -> 
  custom:video-decoder-ogg-theora: a1e56fd34408186e4bbccfd4996cb3dc -> 
  custom:framework-win-MediaFoundation: 216162199b28c13a410421893ffa2e32 -> 
  custom:CustomObjectIndexerAttribute: 6d391050e5a25f67b0a2c618074f2cd9 -> 
  custom:container-demuxer-webm: 4f35f7cbe854078d1ac9338744f61a02 -> 
  custom:container-muxer-webm: aa71ff27fc2769a1b78a27578f13a17b -> 
  custom:video-decoder-webm-vp8: 9c59270c3fd7afecdb556c50c9e8de78 -> 
  custom:SearchIndexIgnoredProperties: e643bd26f0fe6173181afceb89e7c659 -> 
  custom:AudioImporter_EditorPlatform: d09bf68614088b80899f8185d706f6e7 -> 
  custom:video-encoder-webm-vp8: eb34c28f22e8b96e1ab97ce403110664 -> 
  custom:audio-decoder-ogg-vorbis: bf7c407c2cedff20999df2af8eb42d56 -> 
  custom:audio-encoder-webm-vorbis: bf7c407c2cedff20999df2af8eb42d56 -> 
========================================================================
Received Import Request.
  Time since last request: 40.164100 seconds.
  path: Assets/Scenes/racingscene.unity
  artifactKey: Guid(de992c893e349cd438743176c44f0e04) Importer(815301076,1909f56bfc062723c751e8b465ee728b)
Start importing Assets/Scenes/racingscene.unity using Guid(de992c893e349cd438743176c44f0e04) Importer(815301076,1909f56bfc062723c751e8b465ee728b)  -> (artifact id: '664eb0ca33a4d91bbcb8cda9c5c36919') in 0.002274 seconds
Number of updated asset objects reloaded before import = 0
Number of asset objects unloaded after import = 0
========================================================================
Received Import Request.
  Time since last request: 48.798834 seconds.
  path: Assets/Cartoon Talking Horse/Materials/Bridle_Diffuse1.mat
  artifactKey: Guid(9ecd021177c061949b0ce26891f89a4d) Importer(815301076,1909f56bfc062723c751e8b465ee728b)
Start importing Assets/Cartoon Talking Horse/Materials/Bridle_Diffuse1.mat using Guid(9ecd021177c061949b0ce26891f89a4d) Importer(815301076,1909f56bfc062723c751e8b465ee728b)  -> (artifact id: 'bd56d9df48a5f9441aa8b52d03577960') in 0.099772 seconds
Number of updated asset objects reloaded before import = 0
Number of asset objects unloaded after import = 1
========================================================================
Received Import Request.
  Time since last request: 0.000037 seconds.
  path: Assets/Cartoon Talking Horse/Materials/CartoonHorse_Diffuse1_1.mat
  artifactKey: Guid(dba9b4933b85fd347a7cd956eeab88fc) Importer(815301076,1909f56bfc062723c751e8b465ee728b)
Start importing Assets/Cartoon Talking Horse/Materials/CartoonHorse_Diffuse1_1.mat using Guid(dba9b4933b85fd347a7cd956eeab88fc) Importer(815301076,1909f56bfc062723c751e8b465ee728b)  -> (artifact id: '245a5de62d0c73085e0b78a2f1c86bc8') in 0.015677 seconds
Number of updated asset objects reloaded before import = 0
Number of asset objects unloaded after import = 1
========================================================================
Received Import Request.
  Time since last request: 2.538674 seconds.
  path: Assets/Cartoon Talking Horse/Materials
  artifactKey: Guid(4270751e1f7f85743a3ce07d04ba4902) Importer(815301076,1909f56bfc062723c751e8b465ee728b)
Start importing Assets/Cartoon Talking Horse/Materials using Guid(4270751e1f7f85743a3ce07d04ba4902) Importer(815301076,1909f56bfc062723c751e8b465ee728b)  -> (artifact id: '5db625b8477273f344e54035d67a89a7') in 0.000606 seconds
Number of updated asset objects reloaded before import = 0
Number of asset objects unloaded after import = 0
========================================================================
Received Import Request.
  Time since last request: 13.181425 seconds.
  path: Assets/Cartoon Talking Horse/Meshes
  artifactKey: Guid(f7bcb6ad4fd16704f9015cbb66597b1b) Importer(815301076,1909f56bfc062723c751e8b465ee728b)
Start importing Assets/Cartoon Talking Horse/Meshes using Guid(f7bcb6ad4fd16704f9015cbb66597b1b) Importer(815301076,1909f56bfc062723c751e8b465ee728b)  -> (artifact id: '9ca0606f4bdc82ee719610cf045d7140') in 0.000543 seconds
Number of updated asset objects reloaded before import = 0
Number of asset objects unloaded after import = 0
========================================================================
Received Import Request.
  Time since last request: 0.777225 seconds.
  path: Assets/Cartoon Talking Horse/Prefabs/Cartoon_Talking_Horse.prefab
  artifactKey: Guid(1e1bd58b25a53f84286d19a2745542f6) Importer(815301076,1909f56bfc062723c751e8b465ee728b)
Start importing Assets/Cartoon Talking Horse/Prefabs/Cartoon_Talking_Horse.prefab using Guid(1e1bd58b25a53f84286d19a2745542f6) Importer(815301076,1909f56bfc062723c751e8b465ee728b)  -> (artifact id: '5ddf4450a0fa3e7876353ae9a844cd0d') in 0.053678 seconds
Number of updated asset objects reloaded before import = 0
Number of asset objects unloaded after import = 154
========================================================================
Received Prepare
Begin MonoManager ReloadAssembly
- Loaded All Assemblies, in  0.570 seconds
Refreshing native plugins compatible for Editor in 4.21 ms, found 3 plugins.
Native extension for WindowsStandalone target not found
Native extension for iOS target not found
Native extension for Android target not found
[Package Manager] Server::EnsureServerProcessIsRunning -- launch failed, reason: Unity was launched with the -noUpm command-line argument
[Package Manager] UpmClient::Send -- Unable to send message (not connected to UPM process).
[Package Manager] Cannot connect to Unity Package Manager local server
Mono: successfully reloaded assembly
- Finished resetting the current domain, in  1.441 seconds
Domain Reload Profiling: 2008ms
	BeginReloadAssembly (167ms)
		ExecutionOrderSort (0ms)
		DisableScriptedObjects (5ms)
		BackupInstance (0ms)
		ReleaseScriptingObjects (0ms)
		CreateAndSetChildDomain (42ms)
	RebuildCommonClasses (35ms)
	RebuildNativeTypeToScriptingClass (13ms)
	initialDomainReloadingComplete (32ms)
	LoadAllAssembliesAndSetupDomain (319ms)
		LoadAssemblies (393ms)
		RebuildTransferFunctionScriptingTraits (0ms)
		AnalyzeDomain (15ms)
			TypeCache.Refresh (6ms)
				TypeCache.ScanAssembly (0ms)
			ScanForSourceGeneratedMonoScriptInfo (0ms)
			ResolveRequiredComponents (6ms)
	FinalizeReload (1442ms)
		ReleaseScriptCaches (0ms)
		RebuildScriptCaches (0ms)
		SetupLoadedEditorAssemblies (795ms)
			LogAssemblyErrors (0ms)
			InitializePlatformSupportModulesInManaged (47ms)
			SetLoadedEditorAssemblies (8ms)
			RefreshPlugins (0ms)
			BeforeProcessingInitializeOnLoad (140ms)
			ProcessInitializeOnLoadAttributes (559ms)
			ProcessInitializeOnLoadMethodAttributes (32ms)
			AfterProcessingInitializeOnLoad (8ms)
			EditorAssembliesLoaded (0ms)
		ExecutionOrderSort2 (0ms)
		AwakeInstancesAfterBackupRestoration (10ms)
Refreshing native plugins compatible for Editor in 5.54 ms, found 3 plugins.
Preloading 0 native plugins for Editor in 0.00 ms.
Unloading 3282 Unused Serialized files (Serialized files now loaded: 0)
Unloading 26 unused Assets / (102.4 KB). Loaded Objects now: 3852.
Memory consumption went from 140.5 MB to 140.4 MB.
Total: 5.149700 ms (FindLiveObjects: 0.364100 ms CreateObjectMapping: 0.102700 ms MarkObjects: 4.586400 ms  DeleteObjects: 0.094700 ms)

Prepare: number of updated asset objects reloaded= 0
AssetImportParameters requested are different than current active one (requested -> active):
  custom:container-demuxer-ogg: 62fdf1f143b41e24485cea50d1cbac27 -> 
  custom:video-codec-MediaFoundation-h265: 746d11721c4dcdbdad8f713fa42b33f4 -> 
  custom:video-decoder-ogg-theora: a1e56fd34408186e4bbccfd4996cb3dc -> 
  custom:framework-win-MediaFoundation: 216162199b28c13a410421893ffa2e32 -> 
  custom:CustomObjectIndexerAttribute: 6d391050e5a25f67b0a2c618074f2cd9 -> 
  custom:container-demuxer-webm: 4f35f7cbe854078d1ac9338744f61a02 -> 
  custom:container-muxer-webm: aa71ff27fc2769a1b78a27578f13a17b -> 
  custom:video-decoder-webm-vp8: 9c59270c3fd7afecdb556c50c9e8de78 -> 
  custom:SearchIndexIgnoredProperties: e643bd26f0fe6173181afceb89e7c659 -> 
  custom:AudioImporter_EditorPlatform: d09bf68614088b80899f8185d706f6e7 -> 
  custom:video-encoder-webm-vp8: eb34c28f22e8b96e1ab97ce403110664 -> 
  custom:audio-decoder-ogg-vorbis: bf7c407c2cedff20999df2af8eb42d56 -> 
  custom:audio-encoder-webm-vorbis: bf7c407c2cedff20999df2af8eb42d56 -> 
========================================================================
Received Prepare
Begin MonoManager ReloadAssembly
- Loaded All Assemblies, in  0.586 seconds
Refreshing native plugins compatible for Editor in 3.89 ms, found 3 plugins.
Native extension for WindowsStandalone target not found
Native extension for iOS target not found
Native extension for Android target not found
[Package Manager] Server::EnsureServerProcessIsRunning -- launch failed, reason: Unity was launched with the -noUpm command-line argument
[Package Manager] UpmClient::Send -- Unable to send message (not connected to UPM process).
[Package Manager] Cannot connect to Unity Package Manager local server
Mono: successfully reloaded assembly
- Finished resetting the current domain, in  1.393 seconds
Domain Reload Profiling: 1976ms
	BeginReloadAssembly (174ms)
		ExecutionOrderSort (0ms)
		DisableScriptedObjects (6ms)
		BackupInstance (0ms)
		ReleaseScriptingObjects (0ms)
		CreateAndSetChildDomain (42ms)
	RebuildCommonClasses (35ms)
	RebuildNativeTypeToScriptingClass (13ms)
	initialDomainReloadingComplete (31ms)
	LoadAllAssembliesAndSetupDomain (330ms)
		LoadAssemblies (409ms)
		RebuildTransferFunctionScriptingTraits (0ms)
		AnalyzeDomain (14ms)
			TypeCache.Refresh (7ms)
				TypeCache.ScanAssembly (0ms)
			ScanForSourceGeneratedMonoScriptInfo (0ms)
			ResolveRequiredComponents (6ms)
	FinalizeReload (1394ms)
		ReleaseScriptCaches (0ms)
		RebuildScriptCaches (0ms)
		SetupLoadedEditorAssemblies (742ms)
			LogAssemblyErrors (0ms)
			InitializePlatformSupportModulesInManaged (51ms)
			SetLoadedEditorAssemblies (6ms)
			RefreshPlugins (0ms)
			BeforeProcessingInitializeOnLoad (136ms)
			ProcessInitializeOnLoadAttributes (510ms)
			ProcessInitializeOnLoadMethodAttributes (28ms)
			AfterProcessingInitializeOnLoad (10ms)
			EditorAssembliesLoaded (0ms)
		ExecutionOrderSort2 (0ms)
		AwakeInstancesAfterBackupRestoration (10ms)
Refreshing native plugins compatible for Editor in 4.93 ms, found 3 plugins.
Preloading 0 native plugins for Editor in 0.00 ms.
Unloading 3283 Unused Serialized files (Serialized files now loaded: 0)
Unloading 26 unused Assets / (102.3 KB). Loaded Objects now: 3867.
Memory consumption went from 142.7 MB to 142.6 MB.
Total: 3.901400 ms (FindLiveObjects: 0.375300 ms CreateObjectMapping: 0.105700 ms MarkObjects: 3.304300 ms  DeleteObjects: 0.114700 ms)

Prepare: number of updated asset objects reloaded= 0
AssetImportParameters requested are different than current active one (requested -> active):
  custom:container-demuxer-ogg: 62fdf1f143b41e24485cea50d1cbac27 -> 
  custom:video-codec-MediaFoundation-h265: 746d11721c4dcdbdad8f713fa42b33f4 -> 
  custom:video-decoder-ogg-theora: a1e56fd34408186e4bbccfd4996cb3dc -> 
  custom:framework-win-MediaFoundation: 216162199b28c13a410421893ffa2e32 -> 
  custom:CustomObjectIndexerAttribute: 6d391050e5a25f67b0a2c618074f2cd9 -> 
  custom:container-demuxer-webm: 4f35f7cbe854078d1ac9338744f61a02 -> 
  custom:container-muxer-webm: aa71ff27fc2769a1b78a27578f13a17b -> 
  custom:video-decoder-webm-vp8: 9c59270c3fd7afecdb556c50c9e8de78 -> 
  custom:SearchIndexIgnoredProperties: e643bd26f0fe6173181afceb89e7c659 -> 
  custom:AudioImporter_EditorPlatform: d09bf68614088b80899f8185d706f6e7 -> 
  custom:video-encoder-webm-vp8: eb34c28f22e8b96e1ab97ce403110664 -> 
  custom:audio-decoder-ogg-vorbis: bf7c407c2cedff20999df2af8eb42d56 -> 
  custom:audio-encoder-webm-vorbis: bf7c407c2cedff20999df2af8eb42d56 -> 
========================================================================
Received Import Request.
  Time since last request: 122.166382 seconds.
  path: Assets/Materials
  artifactKey: Guid(e81a4b245ccb8a64083f5d0bc1c659fb) Importer(815301076,1909f56bfc062723c751e8b465ee728b)
Start importing Assets/Materials using Guid(e81a4b245ccb8a64083f5d0bc1c659fb) Importer(815301076,1909f56bfc062723c751e8b465ee728b)  -> (artifact id: '8895868c06d96b9d5ceaff88945b0653') in 0.002240 seconds
Number of updated asset objects reloaded before import = 0
Number of asset objects unloaded after import = 0
========================================================================
Received Import Request.
  Time since last request: 0.036523 seconds.
  path: Assets/Materials/ars.mat
  artifactKey: Guid(d2a0d941c4e61224490c645852544e7b) Importer(815301076,1909f56bfc062723c751e8b465ee728b)
Start importing Assets/Materials/ars.mat using Guid(d2a0d941c4e61224490c645852544e7b) Importer(815301076,1909f56bfc062723c751e8b465ee728b)  -> (artifact id: '76581ce906b05bf402f0bdf28728433b') in 0.102132 seconds
Number of updated asset objects reloaded before import = 0
Number of asset objects unloaded after import = 2
========================================================================
Received Import Request.
  Time since last request: 0.000026 seconds.
  path: Assets/Materials/Golden_Crown_1Mat.mat
  artifactKey: Guid(85d2a7755462fca43a35dd9c33e1c12d) Importer(815301076,1909f56bfc062723c751e8b465ee728b)
Start importing Assets/Materials/Golden_Crown_1Mat.mat using Guid(85d2a7755462fca43a35dd9c33e1c12d) Importer(815301076,1909f56bfc062723c751e8b465ee728b)  -> (artifact id: 'a08e292001bfce768274cba8a2d98499') in 0.020504 seconds
Number of updated asset objects reloaded before import = 0
Number of asset objects unloaded after import = 1
========================================================================
Received Import Request.
  Time since last request: 0.000036 seconds.
  path: Assets/Materials/Golden_Crown_4Mat.mat
  artifactKey: Guid(959d9aa630383354b8bd359ae945fdc1) Importer(815301076,1909f56bfc062723c751e8b465ee728b)
Start importing Assets/Materials/Golden_Crown_4Mat.mat using Guid(959d9aa630383354b8bd359ae945fdc1) Importer(815301076,1909f56bfc062723c751e8b465ee728b)  -> (artifact id: '457a9b4f530a1ac89d2ebbb4be623147') in 0.019898 seconds
Number of updated asset objects reloaded before import = 0
Number of asset objects unloaded after import = 1
========================================================================
Received Import Request.
  Time since last request: 0.000026 seconds.
  path: Assets/Materials/Golden_CrownMat.mat
  artifactKey: Guid(4b6b4cc27ab05d843a2124fb2a1f7364) Importer(815301076,1909f56bfc062723c751e8b465ee728b)
Start importing Assets/Materials/Golden_CrownMat.mat using Guid(4b6b4cc27ab05d843a2124fb2a1f7364) Importer(815301076,1909f56bfc062723c751e8b465ee728b)  -> (artifact id: 'affdfa6b0a45dbee546153f29c86ef4b') in 0.021241 seconds
Number of updated asset objects reloaded before import = 0
Number of asset objects unloaded after import = 1
========================================================================
Received Import Request.
  Time since last request: 0.000025 seconds.
  path: Assets/Materials/Golden_Crown_6Mat.mat
  artifactKey: Guid(f221bb2be9255dd4994d8ea353624f16) Importer(815301076,1909f56bfc062723c751e8b465ee728b)
Start importing Assets/Materials/Golden_Crown_6Mat.mat using Guid(f221bb2be9255dd4994d8ea353624f16) Importer(815301076,1909f56bfc062723c751e8b465ee728b)  -> (artifact id: 'c32b34fd2eb1ebd5f39df0d0eccee655') in 0.026679 seconds
Number of updated asset objects reloaded before import = 0
Number of asset objects unloaded after import = 1
========================================================================
Received Import Request.
  Time since last request: 251.773081 seconds.
  path: Assets/Cartoon Talking Horse/Prefabs
  artifactKey: Guid(b389db00ba47b924487bfe9b136ab3ad) Importer(815301076,1909f56bfc062723c751e8b465ee728b)
Start importing Assets/Cartoon Talking Horse/Prefabs using Guid(b389db00ba47b924487bfe9b136ab3ad) Importer(815301076,1909f56bfc062723c751e8b465ee728b)  -> (artifact id: '98098732609cd8ef21ab3e0c862b5ee5') in 0.000573 seconds
Number of updated asset objects reloaded before import = 0
Number of asset objects unloaded after import = 0
========================================================================
Received Import Request.
  Time since last request: 0.103195 seconds.
  path: Assets/Cartoon Talking Horse/Prefabs/Cartoon_Talking_Horse.prefab
  artifactKey: Guid(1e1bd58b25a53f84286d19a2745542f6) Importer(815301076,1909f56bfc062723c751e8b465ee728b)
Start importing Assets/Cartoon Talking Horse/Prefabs/Cartoon_Talking_Horse.prefab using Guid(1e1bd58b25a53f84286d19a2745542f6) Importer(815301076,1909f56bfc062723c751e8b465ee728b)  -> (artifact id: 'fb4b8c51378499fa98ba2ac2646bff1c') in 0.064413 seconds
Number of updated asset objects reloaded before import = 0
Number of asset objects unloaded after import = 158
========================================================================
Received Import Request.
  Time since last request: 56.707591 seconds.
  path: Assets/Player1.prefab
  artifactKey: Guid(9b826e59b0c5e1540b3d028c0289ac68) Importer(815301076,1909f56bfc062723c751e8b465ee728b)
Start importing Assets/Player1.prefab using Guid(9b826e59b0c5e1540b3d028c0289ac68) Importer(815301076,1909f56bfc062723c751e8b465ee728b)  -> (artifact id: '74968a4723a620ee4fc7961163bd03a2') in 0.129017 seconds
Number of updated asset objects reloaded before import = 0
Number of asset objects unloaded after import = 250
========================================================================
Received Import Request.
  Time since last request: 5.892748 seconds.
  path: Assets/RacingHorse.cs
  artifactKey: Guid(c609e5170460e634188ab93a55f38ab6) Importer(815301076,1909f56bfc062723c751e8b465ee728b)
Start importing Assets/RacingHorse.cs using Guid(c609e5170460e634188ab93a55f38ab6) Importer(815301076,1909f56bfc062723c751e8b465ee728b)  -> (artifact id: '0f66427d085481d47f3bb8f9965d1a8b') in 0.000848 seconds
Number of updated asset objects reloaded before import = 0
Number of asset objects unloaded after import = 0
========================================================================
Received Import Request.
  Time since last request: 45.651424 seconds.
  path: Assets/Cartoon Talking Horse/Prefabs/RaceController.cs
  artifactKey: Guid(aea4eec58d2a54b428dcc33c8289d4af) Importer(815301076,1909f56bfc062723c751e8b465ee728b)
Start importing Assets/Cartoon Talking Horse/Prefabs/RaceController.cs using Guid(aea4eec58d2a54b428dcc33c8289d4af) Importer(815301076,1909f56bfc062723c751e8b465ee728b)  -> (artifact id: '41110d16a1a2e0a5697dd4013133bc3d') in 0.000556 seconds
Number of updated asset objects reloaded before import = 0
Number of asset objects unloaded after import = 0
========================================================================
Received Prepare
Begin MonoManager ReloadAssembly
- Loaded All Assemblies, in  0.660 seconds
Refreshing native plugins compatible for Editor in 4.35 ms, found 3 plugins.
Native extension for WindowsStandalone target not found
Native extension for iOS target not found
Native extension for Android target not found
[Package Manager] Server::EnsureServerProcessIsRunning -- launch failed, reason: Unity was launched with the -noUpm command-line argument
[Package Manager] UpmClient::Send -- Unable to send message (not connected to UPM process).
[Package Manager] Cannot connect to Unity Package Manager local server
Mono: successfully reloaded assembly
- Finished resetting the current domain, in  1.458 seconds
Domain Reload Profiling: 2115ms
	BeginReloadAssembly (187ms)
		ExecutionOrderSort (0ms)
		DisableScriptedObjects (5ms)
		BackupInstance (0ms)
		ReleaseScriptingObjects (0ms)
		CreateAndSetChildDomain (48ms)
	RebuildCommonClasses (38ms)
	RebuildNativeTypeToScriptingClass (12ms)
	initialDomainReloadingComplete (34ms)
	LoadAllAssembliesAndSetupDomain (386ms)
		LoadAssemblies (468ms)
		RebuildTransferFunctionScriptingTraits (0ms)
		AnalyzeDomain (16ms)
			TypeCache.Refresh (7ms)
				TypeCache.ScanAssembly (0ms)
			ScanForSourceGeneratedMonoScriptInfo (0ms)
			ResolveRequiredComponents (7ms)
	FinalizeReload (1459ms)
		ReleaseScriptCaches (0ms)
		RebuildScriptCaches (0ms)
		SetupLoadedEditorAssemblies (592ms)
			LogAssemblyErrors (0ms)
			InitializePlatformSupportModulesInManaged (45ms)
			SetLoadedEditorAssemblies (7ms)
			RefreshPlugins (0ms)
			BeforeProcessingInitializeOnLoad (120ms)
			ProcessInitializeOnLoadAttributes (388ms)
			ProcessInitializeOnLoadMethodAttributes (23ms)
			AfterProcessingInitializeOnLoad (8ms)
			EditorAssembliesLoaded (0ms)
		ExecutionOrderSort2 (0ms)
		AwakeInstancesAfterBackupRestoration (7ms)
Refreshing native plugins compatible for Editor in 4.12 ms, found 3 plugins.
Preloading 0 native plugins for Editor in 0.00 ms.
Unloading 3282 Unused Serialized files (Serialized files now loaded: 0)
Unloading 26 unused Assets / (102.3 KB). Loaded Objects now: 3882.
Memory consumption went from 144.4 MB to 144.3 MB.
Total: 3.041900 ms (FindLiveObjects: 0.335500 ms CreateObjectMapping: 0.103200 ms MarkObjects: 2.530600 ms  DeleteObjects: 0.071700 ms)

Prepare: number of updated asset objects reloaded= 0
AssetImportParameters requested are different than current active one (requested -> active):
  custom:container-demuxer-ogg: 62fdf1f143b41e24485cea50d1cbac27 -> 
  custom:video-codec-MediaFoundation-h265: 746d11721c4dcdbdad8f713fa42b33f4 -> 
  custom:video-decoder-ogg-theora: a1e56fd34408186e4bbccfd4996cb3dc -> 
  custom:framework-win-MediaFoundation: 216162199b28c13a410421893ffa2e32 -> 
  custom:CustomObjectIndexerAttribute: 6d391050e5a25f67b0a2c618074f2cd9 -> 
  custom:container-demuxer-webm: 4f35f7cbe854078d1ac9338744f61a02 -> 
  custom:container-muxer-webm: aa71ff27fc2769a1b78a27578f13a17b -> 
  custom:video-decoder-webm-vp8: 9c59270c3fd7afecdb556c50c9e8de78 -> 
  custom:SearchIndexIgnoredProperties: e643bd26f0fe6173181afceb89e7c659 -> 
  custom:AudioImporter_EditorPlatform: d09bf68614088b80899f8185d706f6e7 -> 
  custom:video-encoder-webm-vp8: eb34c28f22e8b96e1ab97ce403110664 -> 
  custom:audio-decoder-ogg-vorbis: bf7c407c2cedff20999df2af8eb42d56 -> 
  custom:audio-encoder-webm-vorbis: bf7c407c2cedff20999df2af8eb42d56 -> 
========================================================================
Received Prepare
Begin MonoManager ReloadAssembly
- Loaded All Assemblies, in  0.589 seconds
Refreshing native plugins compatible for Editor in 4.61 ms, found 3 plugins.
Native extension for WindowsStandalone target not found
Native extension for iOS target not found
Native extension for Android target not found
[Package Manager] Server::EnsureServerProcessIsRunning -- launch failed, reason: Unity was launched with the -noUpm command-line argument
[Package Manager] UpmClient::Send -- Unable to send message (not connected to UPM process).
[Package Manager] Cannot connect to Unity Package Manager local server
Mono: successfully reloaded assembly
- Finished resetting the current domain, in  1.502 seconds
Domain Reload Profiling: 2088ms
	BeginReloadAssembly (171ms)
		ExecutionOrderSort (0ms)
		DisableScriptedObjects (5ms)
		BackupInstance (0ms)
		ReleaseScriptingObjects (0ms)
		CreateAndSetChildDomain (40ms)
	RebuildCommonClasses (37ms)
	RebuildNativeTypeToScriptingClass (13ms)
	initialDomainReloadingComplete (34ms)
	LoadAllAssembliesAndSetupDomain (329ms)
		LoadAssemblies (405ms)
		RebuildTransferFunctionScriptingTraits (0ms)
		AnalyzeDomain (16ms)
			TypeCache.Refresh (7ms)
				TypeCache.ScanAssembly (0ms)
			ScanForSourceGeneratedMonoScriptInfo (0ms)
			ResolveRequiredComponents (7ms)
	FinalizeReload (1503ms)
		ReleaseScriptCaches (0ms)
		RebuildScriptCaches (0ms)
		SetupLoadedEditorAssemblies (803ms)
			LogAssemblyErrors (0ms)
			InitializePlatformSupportModulesInManaged (61ms)
			SetLoadedEditorAssemblies (9ms)
			RefreshPlugins (0ms)
			BeforeProcessingInitializeOnLoad (163ms)
			ProcessInitializeOnLoadAttributes (530ms)
			ProcessInitializeOnLoadMethodAttributes (29ms)
			AfterProcessingInitializeOnLoad (10ms)
			EditorAssembliesLoaded (1ms)
		ExecutionOrderSort2 (0ms)
		AwakeInstancesAfterBackupRestoration (11ms)
Refreshing native plugins compatible for Editor in 5.48 ms, found 3 plugins.
Preloading 0 native plugins for Editor in 0.00 ms.
Unloading 3283 Unused Serialized files (Serialized files now loaded: 0)
Unloading 26 unused Assets / (102.4 KB). Loaded Objects now: 3897.
Memory consumption went from 146.6 MB to 146.5 MB.
Total: 5.237700 ms (FindLiveObjects: 0.411300 ms CreateObjectMapping: 0.107900 ms MarkObjects: 4.611700 ms  DeleteObjects: 0.105400 ms)

Prepare: number of updated asset objects reloaded= 0
AssetImportParameters requested are different than current active one (requested -> active):
  custom:container-demuxer-ogg: 62fdf1f143b41e24485cea50d1cbac27 -> 
  custom:video-codec-MediaFoundation-h265: 746d11721c4dcdbdad8f713fa42b33f4 -> 
  custom:video-decoder-ogg-theora: a1e56fd34408186e4bbccfd4996cb3dc -> 
  custom:framework-win-MediaFoundation: 216162199b28c13a410421893ffa2e32 -> 
  custom:CustomObjectIndexerAttribute: 6d391050e5a25f67b0a2c618074f2cd9 -> 
  custom:container-demuxer-webm: 4f35f7cbe854078d1ac9338744f61a02 -> 
  custom:container-muxer-webm: aa71ff27fc2769a1b78a27578f13a17b -> 
  custom:video-decoder-webm-vp8: 9c59270c3fd7afecdb556c50c9e8de78 -> 
  custom:SearchIndexIgnoredProperties: e643bd26f0fe6173181afceb89e7c659 -> 
  custom:AudioImporter_EditorPlatform: d09bf68614088b80899f8185d706f6e7 -> 
  custom:video-encoder-webm-vp8: eb34c28f22e8b96e1ab97ce403110664 -> 
  custom:audio-decoder-ogg-vorbis: bf7c407c2cedff20999df2af8eb42d56 -> 
  custom:audio-encoder-webm-vorbis: bf7c407c2cedff20999df2af8eb42d56 -> 
========================================================================
Received Import Request.
  Time since last request: 124.293867 seconds.
  path: Assets/Cartoon Talking Horse/Prefabs/Materials/seamless_cartoon_grass_texture_by_mbrockwell_d3byyeg-375w-2x.mat
  artifactKey: Guid(dceef1abb98e298468ccff1f03d76bf0) Importer(815301076,1909f56bfc062723c751e8b465ee728b)
Start importing Assets/Cartoon Talking Horse/Prefabs/Materials/seamless_cartoon_grass_texture_by_mbrockwell_d3byyeg-375w-2x.mat using Guid(dceef1abb98e298468ccff1f03d76bf0) Importer(815301076,1909f56bfc062723c751e8b465ee728b)  -> (artifact id: 'accc7acfe192a6bf74afead143117b7c') in 0.092396 seconds
Number of updated asset objects reloaded before import = 0
Number of asset objects unloaded after import = 1
========================================================================
Received Import Request.
  Time since last request: 10.079490 seconds.
  path: Assets/Cartoon Talking Horse/Prefabs/Materials/seamless_cartoon_grass_texture_by_mbrockwell_d3byyeg-375w-2x.mat
  artifactKey: Guid(dceef1abb98e298468ccff1f03d76bf0) Importer(815301076,1909f56bfc062723c751e8b465ee728b)
Start importing Assets/Cartoon Talking Horse/Prefabs/Materials/seamless_cartoon_grass_texture_by_mbrockwell_d3byyeg-375w-2x.mat using Guid(dceef1abb98e298468ccff1f03d76bf0) Importer(815301076,1909f56bfc062723c751e8b465ee728b)  -> (artifact id: 'ba2c3c28962f6d76c4df683b6af82dc6') in 0.020286 seconds
Number of updated asset objects reloaded before import = 0
Number of asset objects unloaded after import = 1
========================================================================
Received Import Request.
  Time since last request: 65.864758 seconds.
  path: Assets/Resources
  artifactKey: Guid(baae77c8733c78e439e0c1aab606ab88) Importer(815301076,1909f56bfc062723c751e8b465ee728b)
Start importing Assets/Resources using Guid(baae77c8733c78e439e0c1aab606ab88) Importer(815301076,1909f56bfc062723c751e8b465ee728b)  -> (artifact id: '37fc6133a58a50b20b65924cc90a76f2') in 0.000626 seconds
Number of updated asset objects reloaded before import = 0
Number of asset objects unloaded after import = 0
========================================================================
Received Import Request.
  Time since last request: 3.130149 seconds.
  path: Assets/LowlyPoly
  artifactKey: Guid(8e6b4988fabffe74aaf682e5a61f28b5) Importer(815301076,1909f56bfc062723c751e8b465ee728b)
Start importing Assets/LowlyPoly using Guid(8e6b4988fabffe74aaf682e5a61f28b5) Importer(815301076,1909f56bfc062723c751e8b465ee728b)  -> (artifact id: '129d09931c3e62035e69729c63a80f82') in 0.000537 seconds
Number of updated asset objects reloaded before import = 0
Number of asset objects unloaded after import = 0
========================================================================
Received Import Request.
  Time since last request: 1.073418 seconds.
  path: Assets/LowlyPoly/Stylized Grass Texture
  artifactKey: Guid(2f14d375d07e40941aa4c857f21eb94c) Importer(815301076,1909f56bfc062723c751e8b465ee728b)
Start importing Assets/LowlyPoly/Stylized Grass Texture using Guid(2f14d375d07e40941aa4c857f21eb94c) Importer(815301076,1909f56bfc062723c751e8b465ee728b)  -> (artifact id: 'e0f12ab32f58ffa5ce6920699a663327') in 0.000825 seconds
Number of updated asset objects reloaded before import = 0
Number of asset objects unloaded after import = 0
========================================================================
Received Import Request.
  Time since last request: 1.391468 seconds.
  path: Assets/LowlyPoly/Stylized Grass Texture/Materials
  artifactKey: Guid(855350d72edd5b546aba24877b32789a) Importer(815301076,1909f56bfc062723c751e8b465ee728b)
Start importing Assets/LowlyPoly/Stylized Grass Texture/Materials using Guid(855350d72edd5b546aba24877b32789a) Importer(815301076,1909f56bfc062723c751e8b465ee728b)  -> (artifact id: '738a59160c91bd7df7a48a10de082719') in 0.000502 seconds
Number of updated asset objects reloaded before import = 0
Number of asset objects unloaded after import = 0
========================================================================
Received Import Request.
  Time since last request: 0.038043 seconds.
  path: Assets/LowlyPoly/Stylized Grass Texture/Materials/Stylize_Grass.mat
  artifactKey: Guid(5d8af8f434f69794eabd684fb44b4fbf) Importer(815301076,1909f56bfc062723c751e8b465ee728b)
Start importing Assets/LowlyPoly/Stylized Grass Texture/Materials/Stylize_Grass.mat using Guid(5d8af8f434f69794eabd684fb44b4fbf) Importer(815301076,1909f56bfc062723c751e8b465ee728b)  -> (artifact id: '7755838d1a4ecc349a57fb28d81b02f4') in 0.332070 seconds
Number of updated asset objects reloaded before import = 0
Number of asset objects unloaded after import = 5
========================================================================
Received Import Request.
  Time since last request: 79.797114 seconds.
  path: Assets/LowPolyBarriersPackFree
  artifactKey: Guid(b2587683aa4837c428de7fae976f2095) Importer(815301076,1909f56bfc062723c751e8b465ee728b)
Start importing Assets/LowPolyBarriersPackFree using Guid(b2587683aa4837c428de7fae976f2095) Importer(815301076,1909f56bfc062723c751e8b465ee728b)  -> (artifact id: 'c237e670432419fac78b134912781912') in 0.001609 seconds
Number of updated asset objects reloaded before import = 0
Number of asset objects unloaded after import = 0
========================================================================
Received Prepare
Begin MonoManager ReloadAssembly
- Loaded All Assemblies, in  0.605 seconds
Refreshing native plugins compatible for Editor in 3.96 ms, found 3 plugins.
Native extension for WindowsStandalone target not found
Native extension for iOS target not found
Native extension for Android target not found
[Package Manager] Server::EnsureServerProcessIsRunning -- launch failed, reason: Unity was launched with the -noUpm command-line argument
[Package Manager] UpmClient::Send -- Unable to send message (not connected to UPM process).
[Package Manager] Cannot connect to Unity Package Manager local server
Mono: successfully reloaded assembly
- Finished resetting the current domain, in  1.263 seconds
Domain Reload Profiling: 1864ms
	BeginReloadAssembly (169ms)
		ExecutionOrderSort (0ms)
		DisableScriptedObjects (4ms)
		BackupInstance (0ms)
		ReleaseScriptingObjects (0ms)
		CreateAndSetChildDomain (41ms)
	RebuildCommonClasses (35ms)
	RebuildNativeTypeToScriptingClass (12ms)
	initialDomainReloadingComplete (34ms)
	LoadAllAssembliesAndSetupDomain (350ms)
		LoadAssemblies (415ms)
		RebuildTransferFunctionScriptingTraits (0ms)
		AnalyzeDomain (27ms)
			TypeCache.Refresh (12ms)
				TypeCache.ScanAssembly (1ms)
			ScanForSourceGeneratedMonoScriptInfo (7ms)
			ResolveRequiredComponents (6ms)
	FinalizeReload (1264ms)
		ReleaseScriptCaches (0ms)
		RebuildScriptCaches (0ms)
		SetupLoadedEditorAssemblies (627ms)
			LogAssemblyErrors (0ms)
			InitializePlatformSupportModulesInManaged (41ms)
			SetLoadedEditorAssemblies (6ms)
			RefreshPlugins (0ms)
			BeforeProcessingInitializeOnLoad (117ms)
			ProcessInitializeOnLoadAttributes (424ms)
			ProcessInitializeOnLoadMethodAttributes (26ms)
			AfterProcessingInitializeOnLoad (13ms)
			EditorAssembliesLoaded (0ms)
		ExecutionOrderSort2 (0ms)
		AwakeInstancesAfterBackupRestoration (8ms)
Refreshing native plugins compatible for Editor in 3.71 ms, found 3 plugins.
Preloading 0 native plugins for Editor in 0.00 ms.
Unloading 3283 Unused Serialized files (Serialized files now loaded: 0)
Unloading 26 unused Assets / (102.3 KB). Loaded Objects now: 3914.
Memory consumption went from 148.7 MB to 148.6 MB.
Total: 3.093500 ms (FindLiveObjects: 0.350900 ms CreateObjectMapping: 0.105000 ms MarkObjects: 2.554800 ms  DeleteObjects: 0.081400 ms)

Prepare: number of updated asset objects reloaded= 0
AssetImportParameters requested are different than current active one (requested -> active):
  custom:container-demuxer-ogg: 62fdf1f143b41e24485cea50d1cbac27 -> 
  custom:video-codec-MediaFoundation-h265: 746d11721c4dcdbdad8f713fa42b33f4 -> 
  custom:video-decoder-ogg-theora: a1e56fd34408186e4bbccfd4996cb3dc -> 
  custom:framework-win-MediaFoundation: 216162199b28c13a410421893ffa2e32 -> 
  custom:CustomObjectIndexerAttribute: 6d391050e5a25f67b0a2c618074f2cd9 -> 
  custom:container-demuxer-webm: 4f35f7cbe854078d1ac9338744f61a02 -> 
  custom:container-muxer-webm: aa71ff27fc2769a1b78a27578f13a17b -> 
  custom:video-decoder-webm-vp8: 9c59270c3fd7afecdb556c50c9e8de78 -> 
  custom:SearchIndexIgnoredProperties: e643bd26f0fe6173181afceb89e7c659 -> 
  custom:AudioImporter_EditorPlatform: d09bf68614088b80899f8185d706f6e7 -> 
  custom:video-encoder-webm-vp8: eb34c28f22e8b96e1ab97ce403110664 -> 
  custom:audio-decoder-ogg-vorbis: bf7c407c2cedff20999df2af8eb42d56 -> 
  custom:audio-encoder-webm-vorbis: bf7c407c2cedff20999df2af8eb42d56 -> 
========================================================================
Received Import Request.
  Time since last request: 66.357178 seconds.
  path: Assets/PBR_Grass_Textures
  artifactKey: Guid(95a7b819aa9b02144963c5d8916a2a9e) Importer(815301076,1909f56bfc062723c751e8b465ee728b)
Start importing Assets/PBR_Grass_Textures using Guid(95a7b819aa9b02144963c5d8916a2a9e) Importer(815301076,1909f56bfc062723c751e8b465ee728b)  -> (artifact id: 'b602d4b10d0c38c4b83dca18a6b53c03') in 0.001828 seconds
Number of updated asset objects reloaded before import = 0
Number of asset objects unloaded after import = 0
========================================================================
Received Import Request.
  Time since last request: 1.178970 seconds.
  path: Assets/PBR_Grass_Textures/Textures
  artifactKey: Guid(e17347300b0062c438881104428f3d7a) Importer(815301076,1909f56bfc062723c751e8b465ee728b)
Start importing Assets/PBR_Grass_Textures/Textures using Guid(e17347300b0062c438881104428f3d7a) Importer(815301076,1909f56bfc062723c751e8b465ee728b)  -> (artifact id: '82f1eed59183edfd90cdc4dd85402173') in 0.000552 seconds
Number of updated asset objects reloaded before import = 0
Number of asset objects unloaded after import = 0
========================================================================
Received Import Request.
  Time since last request: 0.041066 seconds.
  path: Assets/PBR_Grass_Textures/Textures/grass_01.png
  artifactKey: Guid(15f6d1c452c8e9f4c896260d6bb8433d) Importer(815301076,1909f56bfc062723c751e8b465ee728b)
Start importing Assets/PBR_Grass_Textures/Textures/grass_01.png using Guid(15f6d1c452c8e9f4c896260d6bb8433d) Importer(815301076,1909f56bfc062723c751e8b465ee728b)  -> (artifact id: '1db3fa759a250be4fee34bdf884598a3') in 0.106799 seconds
Number of updated asset objects reloaded before import = 0
Number of asset objects unloaded after import = 2
========================================================================
Received Import Request.
  Time since last request: 0.000020 seconds.
  path: Assets/PBR_Grass_Textures/Textures/grass_04_maskmap.png
  artifactKey: Guid(cd629ca419b808242a1d70610b903ae2) Importer(815301076,1909f56bfc062723c751e8b465ee728b)
Start importing Assets/PBR_Grass_Textures/Textures/grass_04_maskmap.png using Guid(cd629ca419b808242a1d70610b903ae2) Importer(815301076,1909f56bfc062723c751e8b465ee728b)  -> (artifact id: 'febdb9a08efa3798640fb8575e2f66f7') in 0.050292 seconds
Number of updated asset objects reloaded before import = 0
Number of asset objects unloaded after import = 2
========================================================================
Received Import Request.
  Time since last request: 0.000029 seconds.
  path: Assets/PBR_Grass_Textures/Textures/grass_02_maskmap.png
  artifactKey: Guid(ba2dd3eadecc05348b2371c35a5fef36) Importer(815301076,1909f56bfc062723c751e8b465ee728b)
Start importing Assets/PBR_Grass_Textures/Textures/grass_02_maskmap.png using Guid(ba2dd3eadecc05348b2371c35a5fef36) Importer(815301076,1909f56bfc062723c751e8b465ee728b)  -> (artifact id: '2735b7998d06ba3db53e739c05e2fee7') in 0.029195 seconds
Number of updated asset objects reloaded before import = 0
Number of asset objects unloaded after import = 2
========================================================================
Received Import Request.
  Time since last request: 0.000022 seconds.
  path: Assets/PBR_Grass_Textures/Textures/grass_02_normal.png
  artifactKey: Guid(66319961537921f499d8f1b181eabbc4) Importer(815301076,1909f56bfc062723c751e8b465ee728b)
Start importing Assets/PBR_Grass_Textures/Textures/grass_02_normal.png using Guid(66319961537921f499d8f1b181eabbc4) Importer(815301076,1909f56bfc062723c751e8b465ee728b)  -> (artifact id: '8f5d2d0d75396fd8bc2942b7c2ee66bc') in 0.030372 seconds
Number of updated asset objects reloaded before import = 0
Number of asset objects unloaded after import = 2
========================================================================
Received Import Request.
  Time since last request: 0.000036 seconds.
  path: Assets/PBR_Grass_Textures/Textures/grass_01_normal.png
  artifactKey: Guid(9955698b184ee234590c49a05a2a09e5) Importer(815301076,1909f56bfc062723c751e8b465ee728b)
Start importing Assets/PBR_Grass_Textures/Textures/grass_01_normal.png using Guid(9955698b184ee234590c49a05a2a09e5) Importer(815301076,1909f56bfc062723c751e8b465ee728b)  -> (artifact id: '22d44a9a959b19b2ba109689a872f8e8') in 0.026832 seconds
Number of updated asset objects reloaded before import = 0
Number of asset objects unloaded after import = 2
========================================================================
Received Import Request.
  Time since last request: 0.000024 seconds.
  path: Assets/PBR_Grass_Textures/Textures/grass_03_smoothness.png
  artifactKey: Guid(2c190177ab4e2914381dd2b8c54fc824) Importer(815301076,1909f56bfc062723c751e8b465ee728b)
Start importing Assets/PBR_Grass_Textures/Textures/grass_03_smoothness.png using Guid(2c190177ab4e2914381dd2b8c54fc824) Importer(815301076,1909f56bfc062723c751e8b465ee728b)  -> (artifact id: 'ef1ab02a3e1279b3607ab5c7cb6735e2') in 0.033240 seconds
Number of updated asset objects reloaded before import = 0
Number of asset objects unloaded after import = 2
========================================================================
Received Import Request.
  Time since last request: 0.000023 seconds.
  path: Assets/PBR_Grass_Textures/Textures/grass_05_maskmap.png
  artifactKey: Guid(64ca5e4c2567f2542be0737dda0b80dc) Importer(815301076,1909f56bfc062723c751e8b465ee728b)
Start importing Assets/PBR_Grass_Textures/Textures/grass_05_maskmap.png using Guid(64ca5e4c2567f2542be0737dda0b80dc) Importer(815301076,1909f56bfc062723c751e8b465ee728b)  -> (artifact id: '7aea73c1fdab043dcce549da3192f4d1') in 0.022571 seconds
Number of updated asset objects reloaded before import = 0
Number of asset objects unloaded after import = 2
========================================================================
Received Import Request.
  Time since last request: 0.000028 seconds.
  path: Assets/PBR_Grass_Textures/Textures/grass_02.png
  artifactKey: Guid(a462a659d1259ff418d79c9b824333f1) Importer(815301076,1909f56bfc062723c751e8b465ee728b)
Start importing Assets/PBR_Grass_Textures/Textures/grass_02.png using Guid(a462a659d1259ff418d79c9b824333f1) Importer(815301076,1909f56bfc062723c751e8b465ee728b)  -> (artifact id: '23f223e5cc69920d3cbd8a262b7ed0e6') in 0.022044 seconds
Number of updated asset objects reloaded before import = 0
Number of asset objects unloaded after import = 2
========================================================================
Received Import Request.
  Time since last request: 0.000031 seconds.
  path: Assets/PBR_Grass_Textures/Textures/grass_02_ao.png
  artifactKey: Guid(05bd764f495aa1e4db12454c9facc149) Importer(815301076,1909f56bfc062723c751e8b465ee728b)
Start importing Assets/PBR_Grass_Textures/Textures/grass_02_ao.png using Guid(05bd764f495aa1e4db12454c9facc149) Importer(815301076,1909f56bfc062723c751e8b465ee728b)  -> (artifact id: 'b73fbc3d0e78583abe3f61b9b5930ddd') in 0.021990 seconds
Number of updated asset objects reloaded before import = 0
Number of asset objects unloaded after import = 2
========================================================================
Received Import Request.
  Time since last request: 0.000015 seconds.
  path: Assets/PBR_Grass_Textures/Textures/grass_04_smoothness.png
  artifactKey: Guid(10798f9303ad0914d9d1d2032009291a) Importer(815301076,1909f56bfc062723c751e8b465ee728b)
Start importing Assets/PBR_Grass_Textures/Textures/grass_04_smoothness.png using Guid(10798f9303ad0914d9d1d2032009291a) Importer(815301076,1909f56bfc062723c751e8b465ee728b)  -> (artifact id: '875186977d970747fdc5475b226a3032') in 0.025919 seconds
Number of updated asset objects reloaded before import = 0
Number of asset objects unloaded after import = 2
========================================================================
Received Import Request.
  Time since last request: 0.000020 seconds.
  path: Assets/PBR_Grass_Textures/Textures/grass_01_smoohtness.png
  artifactKey: Guid(4601883a585028646af509d494130b02) Importer(815301076,1909f56bfc062723c751e8b465ee728b)
Start importing Assets/PBR_Grass_Textures/Textures/grass_01_smoohtness.png using Guid(4601883a585028646af509d494130b02) Importer(815301076,1909f56bfc062723c751e8b465ee728b)  -> (artifact id: '8aec5d1f9da026fc4b12ebf864232831') in 0.027016 seconds
Number of updated asset objects reloaded before import = 0
Number of asset objects unloaded after import = 2
========================================================================
Received Import Request.
  Time since last request: 0.000024 seconds.
  path: Assets/PBR_Grass_Textures/Textures/grass_03_normal.png
  artifactKey: Guid(a34dbb64b78c32a478a651544f7585a8) Importer(815301076,1909f56bfc062723c751e8b465ee728b)
Start importing Assets/PBR_Grass_Textures/Textures/grass_03_normal.png using Guid(a34dbb64b78c32a478a651544f7585a8) Importer(815301076,1909f56bfc062723c751e8b465ee728b)  -> (artifact id: 'cfba6289fcffcbd5b184787d228e2111') in 0.027510 seconds
Number of updated asset objects reloaded before import = 0
Number of asset objects unloaded after import = 2
========================================================================
Received Import Request.
  Time since last request: 0.816816 seconds.
  path: Assets/PBR_Grass_Textures/example_scene
  artifactKey: Guid(0cef683c874af8947a209d017ca9c3ad) Importer(815301076,1909f56bfc062723c751e8b465ee728b)
Start importing Assets/PBR_Grass_Textures/example_scene using Guid(0cef683c874af8947a209d017ca9c3ad) Importer(815301076,1909f56bfc062723c751e8b465ee728b)  -> (artifact id: '081fb692620ab105e8a0a08e36363784') in 0.000633 seconds
Number of updated asset objects reloaded before import = 0
Number of asset objects unloaded after import = 0
========================================================================
Received Import Request.
  Time since last request: 0.220371 seconds.
  path: Assets/PBR_Grass_Textures/example_scene/grass_01.mat
  artifactKey: Guid(9212c0db92a2b6b4191ee4bd0a08ffab) Importer(815301076,1909f56bfc062723c751e8b465ee728b)
Start importing Assets/PBR_Grass_Textures/example_scene/grass_01.mat using Guid(9212c0db92a2b6b4191ee4bd0a08ffab) Importer(815301076,1909f56bfc062723c751e8b465ee728b)  -> (artifact id: 'b05438bada752435be5a5307dea85ba2') in 0.317862 seconds
Number of updated asset objects reloaded before import = 0
Number of asset objects unloaded after import = 4
========================================================================
Received Import Request.
  Time since last request: 0.000021 seconds.
  path: Assets/PBR_Grass_Textures/example_scene/grass_03.mat
  artifactKey: Guid(52bb7962a4417464585e150c878aff14) Importer(815301076,1909f56bfc062723c751e8b465ee728b)
Start importing Assets/PBR_Grass_Textures/example_scene/grass_03.mat using Guid(52bb7962a4417464585e150c878aff14) Importer(815301076,1909f56bfc062723c751e8b465ee728b)  -> (artifact id: '292b916c43fca7a4e54d4cf5f7a5d053') in 0.289014 seconds
Number of updated asset objects reloaded before import = 0
Number of asset objects unloaded after import = 4
========================================================================
Received Import Request.
  Time since last request: 5.776976 seconds.
  path: Assets/PBR_Grass_Textures/Scripts
  artifactKey: Guid(204122b84026fba4bb1e2bb46271a3d2) Importer(815301076,1909f56bfc062723c751e8b465ee728b)
Start importing Assets/PBR_Grass_Textures/Scripts using Guid(204122b84026fba4bb1e2bb46271a3d2) Importer(815301076,1909f56bfc062723c751e8b465ee728b)  -> (artifact id: 'a220d42818abee945a2f68205e8b0676') in 0.000691 seconds
Number of updated asset objects reloaded before import = 0
Number of asset objects unloaded after import = 0
========================================================================
Received Import Request.
  Time since last request: 3.564465 seconds.
  path: Assets/PBR_Grass_Textures/example_scene.unity
  artifactKey: Guid(200011fc71925fc49aa69623b937f8e6) Importer(815301076,1909f56bfc062723c751e8b465ee728b)
Start importing Assets/PBR_Grass_Textures/example_scene.unity using Guid(200011fc71925fc49aa69623b937f8e6) Importer(815301076,1909f56bfc062723c751e8b465ee728b)  -> (artifact id: '3afe32ec708c9486b4b9cbdabbdabb70') in 0.000587 seconds
Number of updated asset objects reloaded before import = 0
Number of asset objects unloaded after import = 0
========================================================================
Received Import Request.
  Time since last request: 10.997339 seconds.
  path: Assets/Scenes/racingscene.unity
  artifactKey: Guid(de992c893e349cd438743176c44f0e04) Importer(815301076,1909f56bfc062723c751e8b465ee728b)
Start importing Assets/Scenes/racingscene.unity using Guid(de992c893e349cd438743176c44f0e04) Importer(815301076,1909f56bfc062723c751e8b465ee728b)  -> (artifact id: 'd1173a41a0dc4a85ab0208ff093fa28f') in 0.000567 seconds
Number of updated asset objects reloaded before import = 0
Number of asset objects unloaded after import = 0
========================================================================
Received Import Request.
  Time since last request: 55.483822 seconds.
  path: Assets/Epic Toon FX/Textures/Emojis/happy.png
  artifactKey: Guid(b2091e8997f03334b9982307c497cc96) Importer(815301076,1909f56bfc062723c751e8b465ee728b)
Start importing Assets/Epic Toon FX/Textures/Emojis/happy.png using Guid(b2091e8997f03334b9982307c497cc96) Importer(815301076,1909f56bfc062723c751e8b465ee728b)  -> (artifact id: '87ade64dec1ddbfa844a719643eaa707') in 0.021239 seconds
Number of updated asset objects reloaded before import = 0
Number of asset objects unloaded after import = 2
========================================================================
Received Import Request.
  Time since last request: 0.000024 seconds.
  path: Assets/Epic Toon FX/Textures/heart2.png
  artifactKey: Guid(a6ef3e54e9e0f524abee5cb44d8666bf) Importer(815301076,1909f56bfc062723c751e8b465ee728b)
Start importing Assets/Epic Toon FX/Textures/heart2.png using Guid(a6ef3e54e9e0f524abee5cb44d8666bf) Importer(815301076,1909f56bfc062723c751e8b465ee728b)  -> (artifact id: '5d242e941734e9e6629b2d6f1f4be87b') in 0.000879 seconds
Number of updated asset objects reloaded before import = 0
Number of asset objects unloaded after import = 0
========================================================================
Received Import Request.
  Time since last request: 0.000057 seconds.
  path: Assets/Epic Toon FX/Textures/Emojis/heart.png
  artifactKey: Guid(d0e4c740627a41948b4730bdde80159f) Importer(815301076,1909f56bfc062723c751e8b465ee728b)
Start importing Assets/Epic Toon FX/Textures/Emojis/heart.png using Guid(d0e4c740627a41948b4730bdde80159f) Importer(815301076,1909f56bfc062723c751e8b465ee728b)  -> (artifact id: '39f858bc2dcda0372bc10310cb5f29fe') in 0.023553 seconds
Number of updated asset objects reloaded before import = 0
Number of asset objects unloaded after import = 2
========================================================================
Received Import Request.
  Time since last request: 45.007640 seconds.
  path: Assets/Logos
  artifactKey: Guid(b02a221c43a4e43458c35b0297362d1b) Importer(815301076,1909f56bfc062723c751e8b465ee728b)
Start importing Assets/Logos using Guid(b02a221c43a4e43458c35b0297362d1b) Importer(815301076,1909f56bfc062723c751e8b465ee728b)  -> (artifact id: 'd29d2a72f7206b06006c24125c622234') in 0.000929 seconds
Number of updated asset objects reloaded before import = 0
Number of asset objects unloaded after import = 0
========================================================================
Received Import Request.
  Time since last request: 32.204656 seconds.
  path: Assets/PBR_Grass_Textures/example_scene/grass_03.mat
  artifactKey: Guid(52bb7962a4417464585e150c878aff14) Importer(815301076,1909f56bfc062723c751e8b465ee728b)
Start importing Assets/PBR_Grass_Textures/example_scene/grass_03.mat using Guid(52bb7962a4417464585e150c878aff14) Importer(815301076,1909f56bfc062723c751e8b465ee728b)  -> (artifact id: '4d78af68a92a0299ddeeffce44325896') in 0.031469 seconds
Number of updated asset objects reloaded before import = 0
Number of asset objects unloaded after import = 4
